#! /usr/local/bin/vvp
:ivl_version "11.0 (devel)" "(s20150603-481-g85fa24fa)";
:ivl_delay_selection "TYPICAL";
:vpi_time_precision - 11;
:vpi_module "system";
:vpi_module "vhdl_sys";
:vpi_module "vhdl_textio";
:vpi_module "v2005_math";
:vpi_module "va_math";
S_0x7f89a0d08480 .scope module, "ram_tb" "ram_tb" 2 3;
 .timescale -9 -11;
v0x7f89a0d1b340_0 .var "addr", 7 0;
v0x7f89a0d1b3d0_0 .var "clk", 0 0;
v0x7f89a0d1b460_0 .var "d_in", 7 0;
v0x7f89a0d1b530_0 .net "d_out", 7 0, L_0x7f89a0d1b910;  1 drivers
v0x7f89a0d1b5e0_0 .var "wr_en", 0 0;
S_0x7f89a0d03000 .scope module, "uut" "ram" 2 11, 3 13 0, S_0x7f89a0d08480;
 .timescale 0 0;
    .port_info 0 /INPUT 1 "clk"
    .port_info 1 /INPUT 1 "wr_en"
    .port_info 2 /INPUT 8 "d_in"
    .port_info 3 /INPUT 8 "addr"
    .port_info 4 /OUTPUT 8 "d_out"
P_0x7f89a0d003a0 .param/l "ADDR_WIDTH" 0 3 14, +C4<00000000000000000000000000001000>;
P_0x7f89a0d003e0 .param/l "DATA_WIDTH" 0 3 15, +C4<00000000000000000000000000001000>;
L_0x7f89a0d1b910 .functor BUFZ 8, L_0x7f89a0d1b6b0, C4<00000000>, C4<00000000>, C4<00000000>;
v0x7f89a0d00040_0 .net *"_s0", 7 0, L_0x7f89a0d1b6b0;  1 drivers
v0x7f89a0d1ac10_0 .net *"_s2", 9 0, L_0x7f89a0d1b790;  1 drivers
L_0x10bc65008 .functor BUFT 1, C4<00>, C4<0>, C4<0>, C4<0>;
v0x7f89a0d1acc0_0 .net *"_s5", 1 0, L_0x10bc65008;  1 drivers
v0x7f89a0d1ad80_0 .net "addr", 7 0, v0x7f89a0d1b340_0;  1 drivers
v0x7f89a0d1ae30_0 .net "clk", 0 0, v0x7f89a0d1b3d0_0;  1 drivers
v0x7f89a0d1af10_0 .net "d_in", 7 0, v0x7f89a0d1b460_0;  1 drivers
v0x7f89a0d1afc0_0 .net "d_out", 7 0, L_0x7f89a0d1b910;  alias, 1 drivers
v0x7f89a0d1b070_0 .var/i "i", 31 0;
v0x7f89a0d1b120 .array "mem", 255 0, 7 0;
v0x7f89a0d1b230_0 .net "wr_en", 0 0, v0x7f89a0d1b5e0_0;  1 drivers
E_0x7f89a0d036a0 .event posedge, v0x7f89a0d1ae30_0;
L_0x7f89a0d1b6b0 .array/port v0x7f89a0d1b120, L_0x7f89a0d1b790;
L_0x7f89a0d1b790 .concat [ 8 2 0 0], v0x7f89a0d1b340_0, L_0x10bc65008;
    .scope S_0x7f89a0d03000;
T_0 ;
    %pushi/vec4 0, 0, 32;
    %store/vec4 v0x7f89a0d1b070_0, 0, 32;
T_0.0 ;
    %load/vec4 v0x7f89a0d1b070_0;
    %cmpi/s 256, 0, 32;
    %jmp/0xz T_0.1, 5;
    %pushi/vec4 0, 0, 8;
    %ix/getv/s 4, v0x7f89a0d1b070_0;
    %store/vec4a v0x7f89a0d1b120, 4, 0;
    %load/vec4 v0x7f89a0d1b070_0;
    %addi 1, 0, 32;
    %store/vec4 v0x7f89a0d1b070_0, 0, 32;
    %jmp T_0.0;
T_0.1 ;
    %end;
    .thread T_0;
    .scope S_0x7f89a0d03000;
T_1 ;
    %wait E_0x7f89a0d036a0;
    %load/vec4 v0x7f89a0d1b230_0;
    %flag_set/vec4 8;
    %jmp/0xz  T_1.0, 8;
    %load/vec4 v0x7f89a0d1af10_0;
    %load/vec4 v0x7f89a0d1ad80_0;
    %pad/u 10;
    %ix/vec4 3;
    %ix/load 4, 0, 0; Constant delay
    %assign/vec4/a/d v0x7f89a0d1b120, 0, 4;
T_1.0 ;
    %jmp T_1;
    .thread T_1;
    .scope S_0x7f89a0d08480;
T_2 ;
    %pushi/vec4 0, 0, 1;
    %store/vec4 v0x7f89a0d1b3d0_0, 0, 1;
    %pushi/vec4 0, 0, 1;
    %store/vec4 v0x7f89a0d1b5e0_0, 0, 1;
    %pushi/vec4 0, 0, 8;
    %store/vec4 v0x7f89a0d1b460_0, 0, 8;
    %pushi/vec4 0, 0, 8;
    %store/vec4 v0x7f89a0d1b340_0, 0, 8;
    %end;
    .thread T_2;
    .scope S_0x7f89a0d08480;
T_3 ;
    %delay 500, 0;
    %load/vec4 v0x7f89a0d1b3d0_0;
    %inv;
    %assign/vec4 v0x7f89a0d1b3d0_0, 0;
    %jmp T_3;
    .thread T_3;
    .scope S_0x7f89a0d08480;
T_4 ;
    %wait E_0x7f89a0d036a0;
    %load/vec4 v0x7f89a0d1b460_0;
    %addi 1, 0, 8;
    %assign/vec4 v0x7f89a0d1b460_0, 100;
    %load/vec4 v0x7f89a0d1b340_0;
    %parti/s 3, 0, 2;
    %and/r;
    %flag_set/vec4 8;
    %jmp/0xz  T_4.0, 8;
    %pushi/vec4 0, 0, 8;
    %assign/vec4 v0x7f89a0d1b340_0, 100;
    %jmp T_4.1;
T_4.0 ;
    %load/vec4 v0x7f89a0d1b340_0;
    %addi 1, 0, 8;
    %assign/vec4 v0x7f89a0d1b340_0, 100;
T_4.1 ;
    %jmp T_4;
    .thread T_4;
    .scope S_0x7f89a0d08480;
T_5 ;
    %vpi_call 2 29 "$dumpfile", "ram_tb.vcd" {0 0 0};
    %vpi_call 2 30 "$dumpvars" {0 0 0};
    %delay 5000, 0;
    %pushi/vec4 1, 0, 1;
    %assign/vec4 v0x7f89a0d1b5e0_0, 0;
    %delay 30000, 0;
    %pushi/vec4 0, 0, 1;
    %assign/vec4 v0x7f89a0d1b5e0_0, 0;
    %delay 5000, 0;
    %vpi_call 2 37 "$display", "simulation done" {0 0 0};
    %vpi_call 2 38 "$finish" {0 0 0};
    %end;
    .thread T_5;
# The file index is used to find the file name in the following table.
:file_names 4;
    "N/A";
    "<interactive>";
    "ram_tb.v";
    "ram.v";
