#! /usr/local/bin/vvp
:ivl_version "11.0 (devel)" "(s20150603-481-g85fa24fa)";
:ivl_delay_selection "TYPICAL";
:vpi_time_precision - 11;
:vpi_module "system";
:vpi_module "vhdl_sys";
:vpi_module "vhdl_textio";
:vpi_module "v2005_math";
:vpi_module "va_math";
S_0x7f939a50a2a0 .scope module, "led16_drv_tb" "led16_drv_tb" 2 3;
 .timescale -9 -11;
v0x7f939a51fc20_0 .var "clk", 0 0;
v0x7f939a51fcb0_0 .var "en", 0 0;
v0x7f939a51fd40_0 .net "led", 15 0, L_0x7f939a520560;  1 drivers
v0x7f939a51fdd0_0 .var "mod", 0 0;
S_0x7f939a506640 .scope module, "uut" "led16_drv" 2 10, 3 19 0, S_0x7f939a50a2a0;
 .timescale 0 0;
    .port_info 0 /INPUT 1 "clk"
    .port_info 1 /INPUT 1 "en"
    .port_info 2 /INPUT 1 "mod"
    .port_info 3 /OUTPUT 16 "led"
L_0x10b117008 .functor BUFT 1, C4<1>, C4<0>, C4<0>, C4<0>;
L_0x7f939a51ff80 .functor XNOR 1, v0x7f939a51fdd0_0, L_0x10b117008, C4<0>, C4<0>;
L_0x10b117050 .functor BUFT 1, C4<1>, C4<0>, C4<0>, C4<0>;
L_0x7f939a520450 .functor XNOR 1, v0x7f939a51fcb0_0, L_0x10b117050, C4<0>, C4<0>;
v0x7f939a506810_0 .net/2u *"_s12", 0 0, L_0x10b117050;  1 drivers
v0x7f939a51ef10_0 .net *"_s14", 0 0, L_0x7f939a520450;  1 drivers
L_0x10b117098 .functor BUFT 1, C4<0000000000000000>, C4<0>, C4<0>, C4<0>;
v0x7f939a51efb0_0 .net/2u *"_s16", 15 0, L_0x10b117098;  1 drivers
v0x7f939a51f070_0 .net/2u *"_s2", 0 0, L_0x10b117008;  1 drivers
v0x7f939a51f120_0 .net *"_s4", 0 0, L_0x7f939a51ff80;  1 drivers
v0x7f939a51f200_0 .net *"_s6", 15 0, L_0x7f939a5200b0;  1 drivers
v0x7f939a51f2b0_0 .net *"_s8", 15 0, L_0x7f939a520190;  1 drivers
v0x7f939a51f360_0 .net "clk", 0 0, v0x7f939a51fc20_0;  1 drivers
v0x7f939a51f400_0 .var "cnt_s", 3 0;
v0x7f939a51f510_0 .var "cnt_t", 1 0;
v0x7f939a51f5c0_0 .net "en", 0 0, v0x7f939a51fcb0_0;  1 drivers
v0x7f939a51f660_0 .net "led", 15 0, L_0x7f939a520560;  alias, 1 drivers
v0x7f939a51f710_0 .net "led_f", 15 0, L_0x7f939a5202f0;  1 drivers
v0x7f939a51f7c0_0 .var "led_l", 7 0;
v0x7f939a51f870_0 .var "led_r", 7 0;
v0x7f939a51f920_0 .net "mod", 0 0, v0x7f939a51fdd0_0;  1 drivers
v0x7f939a51f9c0_0 .var "s_in", 0 0;
v0x7f939a51fb50_0 .net "tck", 0 0, L_0x7f939a51fe80;  1 drivers
E_0x7f939a50d500 .event posedge, v0x7f939a51f360_0;
E_0x7f939a50c3d0 .event edge, v0x7f939a51f400_0;
L_0x7f939a51fe80 .reduce/and v0x7f939a51f510_0;
L_0x7f939a5200b0 .concat [ 8 8 0 0], v0x7f939a51f7c0_0, v0x7f939a51f870_0;
L_0x7f939a520190 .concat [ 8 8 0 0], v0x7f939a51f870_0, v0x7f939a51f7c0_0;
L_0x7f939a5202f0 .functor MUXZ 16, L_0x7f939a520190, L_0x7f939a5200b0, L_0x7f939a51ff80, C4<>;
L_0x7f939a520560 .functor MUXZ 16, L_0x10b117098, L_0x7f939a5202f0, L_0x7f939a520450, C4<>;
    .scope S_0x7f939a506640;
T_0 ;
    %pushi/vec4 0, 0, 4;
    %store/vec4 v0x7f939a51f400_0, 0, 4;
    %pushi/vec4 0, 0, 8;
    %store/vec4 v0x7f939a51f7c0_0, 0, 8;
    %pushi/vec4 0, 0, 8;
    %store/vec4 v0x7f939a51f870_0, 0, 8;
    %pushi/vec4 0, 0, 2;
    %store/vec4 v0x7f939a51f510_0, 0, 2;
    %end;
    .thread T_0;
    .scope S_0x7f939a506640;
T_1 ;
    %wait E_0x7f939a50d500;
    %load/vec4 v0x7f939a51f5c0_0;
    %cmpi/e 1, 0, 1;
    %jmp/0xz  T_1.0, 4;
    %load/vec4 v0x7f939a51f510_0;
    %addi 1, 0, 2;
    %assign/vec4 v0x7f939a51f510_0, 0;
    %jmp T_1.1;
T_1.0 ;
    %pushi/vec4 0, 0, 2;
    %assign/vec4 v0x7f939a51f510_0, 0;
T_1.1 ;
    %jmp T_1;
    .thread T_1;
    .scope S_0x7f939a506640;
T_2 ;
    %wait E_0x7f939a50d500;
    %load/vec4 v0x7f939a51f5c0_0;
    %cmpi/e 0, 0, 1;
    %jmp/0xz  T_2.0, 4;
    %pushi/vec4 0, 0, 4;
    %assign/vec4 v0x7f939a51f400_0, 0;
    %jmp T_2.1;
T_2.0 ;
    %load/vec4 v0x7f939a51fb50_0;
    %cmpi/e 1, 0, 1;
    %jmp/0xz  T_2.2, 4;
    %load/vec4 v0x7f939a51f400_0;
    %addi 1, 0, 4;
    %assign/vec4 v0x7f939a51f400_0, 0;
T_2.2 ;
T_2.1 ;
    %jmp T_2;
    .thread T_2;
    .scope S_0x7f939a506640;
T_3 ;
    %wait E_0x7f939a50c3d0;
    %load/vec4 v0x7f939a51f400_0;
    %cmpi/u 3, 0, 4;
    %jmp/0xz  T_3.0, 5;
    %pushi/vec4 1, 0, 1;
    %store/vec4 v0x7f939a51f9c0_0, 0, 1;
    %jmp T_3.1;
T_3.0 ;
    %pushi/vec4 0, 0, 1;
    %store/vec4 v0x7f939a51f9c0_0, 0, 1;
T_3.1 ;
    %jmp T_3;
    .thread T_3, $push;
    .scope S_0x7f939a506640;
T_4 ;
    %wait E_0x7f939a50d500;
    %load/vec4 v0x7f939a51f5c0_0;
    %cmpi/e 0, 0, 1;
    %jmp/0xz  T_4.0, 4;
    %pushi/vec4 0, 0, 8;
    %assign/vec4 v0x7f939a51f7c0_0, 0;
    %pushi/vec4 0, 0, 8;
    %assign/vec4 v0x7f939a51f870_0, 0;
    %jmp T_4.1;
T_4.0 ;
    %load/vec4 v0x7f939a51fb50_0;
    %cmpi/e 1, 0, 1;
    %jmp/0xz  T_4.2, 4;
    %load/vec4 v0x7f939a51f7c0_0;
    %parti/s 7, 0, 2;
    %load/vec4 v0x7f939a51f9c0_0;
    %concat/vec4; draw_concat_vec4
    %assign/vec4 v0x7f939a51f7c0_0, 0;
    %load/vec4 v0x7f939a51f9c0_0;
    %load/vec4 v0x7f939a51f870_0;
    %parti/s 7, 1, 2;
    %concat/vec4; draw_concat_vec4
    %assign/vec4 v0x7f939a51f870_0, 0;
T_4.2 ;
T_4.1 ;
    %jmp T_4;
    .thread T_4;
    .scope S_0x7f939a50a2a0;
T_5 ;
    %pushi/vec4 0, 0, 1;
    %store/vec4 v0x7f939a51fc20_0, 0, 1;
    %pushi/vec4 0, 0, 1;
    %store/vec4 v0x7f939a51fcb0_0, 0, 1;
    %pushi/vec4 0, 0, 1;
    %store/vec4 v0x7f939a51fdd0_0, 0, 1;
    %end;
    .thread T_5;
    .scope S_0x7f939a50a2a0;
T_6 ;
    %delay 500, 0;
    %load/vec4 v0x7f939a51fc20_0;
    %inv;
    %assign/vec4 v0x7f939a51fc20_0, 0;
    %jmp T_6;
    .thread T_6;
    .scope S_0x7f939a50a2a0;
T_7 ;
    %vpi_call 2 20 "$dumpfile", "led16_drv_tb.vcd" {0 0 0};
    %vpi_call 2 21 "$dumpvars" {0 0 0};
    %delay 5000, 0;
    %pushi/vec4 1, 0, 1;
    %assign/vec4 v0x7f939a51fcb0_0, 0;
    %delay 70000, 0;
    %pushi/vec4 0, 0, 1;
    %assign/vec4 v0x7f939a51fcb0_0, 0;
    %delay 5000, 0;
    %vpi_call 2 28 "$display", "simulation done" {0 0 0};
    %vpi_call 2 29 "$finish" {0 0 0};
    %end;
    .thread T_7;
# The file index is used to find the file name in the following table.
:file_names 4;
    "N/A";
    "<interactive>";
    "led16_drv_tb.v";
    "led16_drv.v";
