#! /usr/local/bin/vvp
:ivl_version "11.0 (devel)" "(s20150603-481-g85fa24fa)";
:ivl_delay_selection "TYPICAL";
:vpi_time_precision + 0;
:vpi_module "system";
:vpi_module "vhdl_sys";
:vpi_module "vhdl_textio";
:vpi_module "v2005_math";
:vpi_module "va_math";
S_0x7f86d4500410 .scope module, "sig_deb_tb" "sig_deb_tb" 2 1;
 .timescale 0 0;
v0x7f86d4514c90_0 .var "clk", 0 0;
v0x7f86d4514d30_0 .var "i_sig", 0 0;
v0x7f86d4514de0_0 .net "o_sig", 0 0, L_0x7f86d4515070;  1 drivers
S_0x7f86d45000e0 .scope module, "uut" "sig_deb" 2 11, 3 11 0, S_0x7f86d4500410;
 .timescale 0 0;
    .port_info 0 /INPUT 1 "clk"
    .port_info 1 /INPUT 1 "i_sig"
    .port_info 2 /OUTPUT 1 "o_sig"
P_0x7f86d45012b0 .param/l "CLKS_PER_SMPL" 0 3 12, +C4<00000000000000000000000000000010>;
P_0x7f86d45012f0 .param/l "SMPL_CNT" 0 3 13, +C4<00000000000000000000000000000010>;
v0x7f86d4504750_0 .net "clk", 0 0, v0x7f86d4514c90_0;  1 drivers
v0x7f86d4514800_0 .var "cnt", 1 0;
v0x7f86d45148a0_0 .net "i_sig", 0 0, v0x7f86d4514d30_0;  1 drivers
v0x7f86d4514930_0 .net "o_sig", 0 0, L_0x7f86d4515070;  alias, 1 drivers
v0x7f86d45149c0_0 .var "shft", 1 0;
v0x7f86d4514a70_0 .net "sig_s", 0 0, L_0x7f86d4514eb0;  1 drivers
v0x7f86d4514b10_0 .var "sync", 1 0;
v0x7f86d4514bc0_0 .net "tck", 0 0, L_0x7f86d4514f90;  1 drivers
E_0x7f86d4504710 .event posedge, v0x7f86d4504750_0;
L_0x7f86d4514eb0 .part v0x7f86d4514b10_0, 1, 1;
L_0x7f86d4514f90 .reduce/and v0x7f86d4514800_0;
L_0x7f86d4515070 .reduce/and v0x7f86d45149c0_0;
    .scope S_0x7f86d45000e0;
T_0 ;
    %pushi/vec4 0, 0, 2;
    %store/vec4 v0x7f86d4514b10_0, 0, 2;
    %pushi/vec4 0, 0, 2;
    %store/vec4 v0x7f86d4514800_0, 0, 2;
    %pushi/vec4 0, 0, 2;
    %store/vec4 v0x7f86d45149c0_0, 0, 2;
    %end;
    .thread T_0;
    .scope S_0x7f86d45000e0;
T_1 ;
    %wait E_0x7f86d4504710;
    %load/vec4 v0x7f86d4514b10_0;
    %ix/load 4, 1, 0;
    %flag_set/imm 4, 0;
    %shiftl 4;
    %load/vec4 v0x7f86d45148a0_0;
    %pad/u 2;
    %or;
    %assign/vec4 v0x7f86d4514b10_0, 0;
    %jmp T_1;
    .thread T_1;
    .scope S_0x7f86d45000e0;
T_2 ;
    %wait E_0x7f86d4504710;
    %load/vec4 v0x7f86d4514a70_0;
    %inv;
    %load/vec4 v0x7f86d4514bc0_0;
    %or;
    %flag_set/vec4 8;
    %jmp/0xz  T_2.0, 8;
    %pushi/vec4 0, 0, 2;
    %assign/vec4 v0x7f86d4514800_0, 0;
    %jmp T_2.1;
T_2.0 ;
    %load/vec4 v0x7f86d4514800_0;
    %pad/u 4;
    %addi 1, 0, 4;
    %pad/u 2;
    %assign/vec4 v0x7f86d4514800_0, 0;
T_2.1 ;
    %jmp T_2;
    .thread T_2;
    .scope S_0x7f86d45000e0;
T_3 ;
    %wait E_0x7f86d4504710;
    %load/vec4 v0x7f86d4514a70_0;
    %inv;
    %flag_set/vec4 8;
    %jmp/0xz  T_3.0, 8;
    %pushi/vec4 0, 0, 2;
    %assign/vec4 v0x7f86d45149c0_0, 0;
    %jmp T_3.1;
T_3.0 ;
    %load/vec4 v0x7f86d4514bc0_0;
    %flag_set/vec4 8;
    %jmp/0xz  T_3.2, 8;
    %load/vec4 v0x7f86d45149c0_0;
    %ix/load 4, 1, 0;
    %flag_set/imm 4, 0;
    %shiftl 4;
    %load/vec4 v0x7f86d4514a70_0;
    %pad/u 2;
    %or;
    %assign/vec4 v0x7f86d45149c0_0, 0;
T_3.2 ;
T_3.1 ;
    %jmp T_3;
    .thread T_3;
    .scope S_0x7f86d4500410;
T_4 ;
    %pushi/vec4 0, 0, 1;
    %store/vec4 v0x7f86d4514c90_0, 0, 1;
    %pushi/vec4 0, 0, 1;
    %store/vec4 v0x7f86d4514d30_0, 0, 1;
    %end;
    .thread T_4;
    .scope S_0x7f86d4500410;
T_5 ;
    %delay 5, 0;
    %load/vec4 v0x7f86d4514c90_0;
    %inv;
    %assign/vec4 v0x7f86d4514c90_0, 0;
    %jmp T_5;
    .thread T_5;
    .scope S_0x7f86d4500410;
T_6 ;
    %vpi_call 2 20 "$dumpfile", "sig_deb_tb.vcd" {0 0 0};
    %vpi_call 2 21 "$dumpvars" {0 0 0};
    %delay 50, 0;
    %delay 1, 0;
    %pushi/vec4 1, 0, 1;
    %assign/vec4 v0x7f86d4514d30_0, 0;
    %delay 2, 0;
    %pushi/vec4 0, 0, 1;
    %assign/vec4 v0x7f86d4514d30_0, 0;
    %delay 1, 0;
    %pushi/vec4 1, 0, 1;
    %assign/vec4 v0x7f86d4514d30_0, 0;
    %delay 3, 0;
    %pushi/vec4 0, 0, 1;
    %assign/vec4 v0x7f86d4514d30_0, 0;
    %delay 1, 0;
    %pushi/vec4 1, 0, 1;
    %assign/vec4 v0x7f86d4514d30_0, 0;
    %delay 1, 0;
    %pushi/vec4 0, 0, 1;
    %assign/vec4 v0x7f86d4514d30_0, 0;
    %delay 1, 0;
    %pushi/vec4 1, 0, 1;
    %assign/vec4 v0x7f86d4514d30_0, 0;
    %delay 2, 0;
    %pushi/vec4 0, 0, 1;
    %assign/vec4 v0x7f86d4514d30_0, 0;
    %delay 1, 0;
    %pushi/vec4 1, 0, 1;
    %assign/vec4 v0x7f86d4514d30_0, 0;
    %delay 1, 0;
    %pushi/vec4 0, 0, 1;
    %assign/vec4 v0x7f86d4514d30_0, 0;
    %delay 1, 0;
    %pushi/vec4 1, 0, 1;
    %assign/vec4 v0x7f86d4514d30_0, 0;
    %delay 3, 0;
    %pushi/vec4 0, 0, 1;
    %assign/vec4 v0x7f86d4514d30_0, 0;
    %delay 1, 0;
    %pushi/vec4 1, 0, 1;
    %assign/vec4 v0x7f86d4514d30_0, 0;
    %delay 1, 0;
    %pushi/vec4 0, 0, 1;
    %assign/vec4 v0x7f86d4514d30_0, 0;
    %delay 2, 0;
    %pushi/vec4 1, 0, 1;
    %assign/vec4 v0x7f86d4514d30_0, 0;
    %delay 1, 0;
    %pushi/vec4 0, 0, 1;
    %assign/vec4 v0x7f86d4514d30_0, 0;
    %delay 2, 0;
    %pushi/vec4 1, 0, 1;
    %assign/vec4 v0x7f86d4514d30_0, 0;
    %delay 88, 0;
    %pushi/vec4 0, 0, 1;
    %assign/vec4 v0x7f86d4514d30_0, 0;
    %delay 5, 0;
    %pushi/vec4 1, 0, 1;
    %assign/vec4 v0x7f86d4514d30_0, 0;
    %delay 150, 0;
    %vpi_call 2 48 "$display", "simulation done" {0 0 0};
    %vpi_call 2 49 "$finish" {0 0 0};
    %end;
    .thread T_6;
# The file index is used to find the file name in the following table.
:file_names 4;
    "N/A";
    "<interactive>";
    "sig_deb_tb.v";
    "sig_deb.v";
