#! /usr/local/bin/vvp
:ivl_version "11.0 (devel)" "(s20150603-481-g85fa24fa)";
:ivl_delay_selection "TYPICAL";
:vpi_time_precision - 11;
:vpi_module "system";
:vpi_module "vhdl_sys";
:vpi_module "vhdl_textio";
:vpi_module "v2005_math";
:vpi_module "va_math";
S_0x7ff84d510d20 .scope module, "sseg_drv_tb" "sseg_drv_tb" 2 3;
 .timescale -9 -11;
v0x7ff84d5271d0_0 .net "an", 7 0, L_0x7ff84d527790;  1 drivers
v0x7ff84d527260_0 .var "clk", 0 0;
v0x7ff84d5272f0_0 .var "dat", 31 0;
v0x7ff84d527380_0 .var "en", 0 0;
v0x7ff84d527430_0 .var "mod", 0 0;
v0x7ff84d527500_0 .net "seg", 7 0, v0x7ff84d526ff0_0;  1 drivers
S_0x7ff84d516c10 .scope module, "uut" "sseg_drv" 2 12, 3 20 0, S_0x7ff84d510d20;
 .timescale 0 0;
    .port_info 0 /INPUT 1 "clk"
    .port_info 1 /INPUT 1 "en"
    .port_info 2 /INPUT 1 "mod"
    .port_info 3 /INPUT 32 "dat"
    .port_info 4 /OUTPUT 8 "an"
    .port_info 5 /OUTPUT 8 "seg"
L_0x10d098008 .functor BUFT 1, C4<1>, C4<0>, C4<0>, C4<0>;
L_0x7ff84d5275d0 .functor XNOR 1, v0x7ff84d527380_0, L_0x10d098008, C4<0>, C4<0>;
L_0x7ff84d527700 .functor NOT 8, L_0x7ff84d527a20, C4<00000000>, C4<00000000>, C4<00000000>;
L_0x10d098098 .functor BUFT 1, C4<1>, C4<0>, C4<0>, C4<0>;
L_0x7ff84d527930 .functor XNOR 1, v0x7ff84d527430_0, L_0x10d098098, C4<0>, C4<0>;
L_0x10d0980e0 .functor BUFT 1, C4<1>, C4<0>, C4<0>, C4<0>;
L_0x7ff84d527b40 .functor XNOR 1, v0x7ff84d5269f0_0, L_0x10d0980e0, C4<0>, C4<0>;
v0x7ff84d5122c0_0 .net/2u *"_s0", 0 0, L_0x10d098008;  1 drivers
v0x7ff84d526130_0 .net/2u *"_s10", 0 0, L_0x10d098098;  1 drivers
v0x7ff84d5261e0_0 .net *"_s12", 0 0, L_0x7ff84d527930;  1 drivers
v0x7ff84d526290_0 .net/2u *"_s16", 0 0, L_0x10d0980e0;  1 drivers
v0x7ff84d526340_0 .net *"_s18", 0 0, L_0x7ff84d527b40;  1 drivers
v0x7ff84d526420_0 .net *"_s2", 0 0, L_0x7ff84d5275d0;  1 drivers
L_0x10d098128 .functor BUFT 1, C4<00000000>, C4<0>, C4<0>, C4<0>;
v0x7ff84d5264c0_0 .net/2u *"_s20", 7 0, L_0x10d098128;  1 drivers
v0x7ff84d526570_0 .net *"_s4", 7 0, L_0x7ff84d527700;  1 drivers
L_0x10d098050 .functor BUFT 1, C4<11111111>, C4<0>, C4<0>, C4<0>;
v0x7ff84d526620_0 .net/2u *"_s6", 7 0, L_0x10d098050;  1 drivers
v0x7ff84d526730_0 .net "an", 7 0, L_0x7ff84d527790;  alias, 1 drivers
v0x7ff84d5267e0_0 .net "an_b", 7 0, L_0x7ff84d527c70;  1 drivers
v0x7ff84d526890_0 .net "an_n", 7 0, L_0x7ff84d527a20;  1 drivers
v0x7ff84d526940_0 .var "an_w", 7 0;
v0x7ff84d5269f0_0 .var "blnk", 0 0;
v0x7ff84d526a90_0 .net "clk", 0 0, v0x7ff84d527260_0;  1 drivers
v0x7ff84d526b30_0 .var "cnt_a", 0 0;
v0x7ff84d526be0_0 .var "cnt_b", 25 0;
v0x7ff84d526d70_0 .var "d_sel", 3 0;
v0x7ff84d526e00_0 .net "dat", 31 0, v0x7ff84d5272f0_0;  1 drivers
v0x7ff84d526eb0_0 .net "en", 0 0, v0x7ff84d527380_0;  1 drivers
v0x7ff84d526f50_0 .net "mod", 0 0, v0x7ff84d527430_0;  1 drivers
v0x7ff84d526ff0_0 .var "seg", 7 0;
v0x7ff84d5270a0_0 .net "tck", 0 0, L_0x7ff84d527e10;  1 drivers
E_0x7ff84d511fa0 .event edge, v0x7ff84d526940_0, v0x7ff84d526e00_0;
E_0x7ff84d50fe00 .event posedge, v0x7ff84d526a90_0;
E_0x7ff84d509860 .event edge, v0x7ff84d526d70_0;
L_0x7ff84d527790 .functor MUXZ 8, L_0x10d098050, L_0x7ff84d527700, L_0x7ff84d5275d0, C4<>;
L_0x7ff84d527a20 .functor MUXZ 8, v0x7ff84d526940_0, L_0x7ff84d527c70, L_0x7ff84d527930, C4<>;
L_0x7ff84d527c70 .functor MUXZ 8, L_0x10d098128, v0x7ff84d526940_0, L_0x7ff84d527b40, C4<>;
L_0x7ff84d527e10 .reduce/and v0x7ff84d526b30_0;
    .scope S_0x7ff84d516c10;
T_0 ;
    %pushi/vec4 1, 0, 1;
    %store/vec4 v0x7ff84d5269f0_0, 0, 1;
    %pushi/vec4 1, 0, 8;
    %store/vec4 v0x7ff84d526940_0, 0, 8;
    %pushi/vec4 0, 0, 1;
    %store/vec4 v0x7ff84d526b30_0, 0, 1;
    %pushi/vec4 0, 0, 26;
    %store/vec4 v0x7ff84d526be0_0, 0, 26;
    %end;
    .thread T_0;
    .scope S_0x7ff84d516c10;
T_1 ;
    %wait E_0x7ff84d50fe00;
    %load/vec4 v0x7ff84d526b30_0;
    %addi 1, 0, 1;
    %assign/vec4 v0x7ff84d526b30_0, 0;
    %jmp T_1;
    .thread T_1;
    .scope S_0x7ff84d516c10;
T_2 ;
    %wait E_0x7ff84d50fe00;
    %load/vec4 v0x7ff84d526be0_0;
    %cmpi/e 2, 0, 26;
    %jmp/0xz  T_2.0, 4;
    %pushi/vec4 0, 0, 26;
    %assign/vec4 v0x7ff84d526be0_0, 0;
    %jmp T_2.1;
T_2.0 ;
    %load/vec4 v0x7ff84d526be0_0;
    %addi 1, 0, 26;
    %assign/vec4 v0x7ff84d526be0_0, 0;
T_2.1 ;
    %jmp T_2;
    .thread T_2;
    .scope S_0x7ff84d516c10;
T_3 ;
    %wait E_0x7ff84d50fe00;
    %load/vec4 v0x7ff84d526be0_0;
    %cmpi/e 2, 0, 26;
    %jmp/0xz  T_3.0, 4;
    %load/vec4 v0x7ff84d5269f0_0;
    %inv;
    %assign/vec4 v0x7ff84d5269f0_0, 0;
T_3.0 ;
    %jmp T_3;
    .thread T_3;
    .scope S_0x7ff84d516c10;
T_4 ;
    %wait E_0x7ff84d509860;
    %load/vec4 v0x7ff84d526d70_0;
    %dup/vec4;
    %pushi/vec4 0, 0, 4;
    %cmp/u;
    %jmp/1 T_4.0, 6;
    %dup/vec4;
    %pushi/vec4 1, 0, 4;
    %cmp/u;
    %jmp/1 T_4.1, 6;
    %dup/vec4;
    %pushi/vec4 2, 0, 4;
    %cmp/u;
    %jmp/1 T_4.2, 6;
    %dup/vec4;
    %pushi/vec4 3, 0, 4;
    %cmp/u;
    %jmp/1 T_4.3, 6;
    %dup/vec4;
    %pushi/vec4 4, 0, 4;
    %cmp/u;
    %jmp/1 T_4.4, 6;
    %dup/vec4;
    %pushi/vec4 5, 0, 4;
    %cmp/u;
    %jmp/1 T_4.5, 6;
    %dup/vec4;
    %pushi/vec4 6, 0, 4;
    %cmp/u;
    %jmp/1 T_4.6, 6;
    %dup/vec4;
    %pushi/vec4 7, 0, 4;
    %cmp/u;
    %jmp/1 T_4.7, 6;
    %dup/vec4;
    %pushi/vec4 8, 0, 4;
    %cmp/u;
    %jmp/1 T_4.8, 6;
    %dup/vec4;
    %pushi/vec4 9, 0, 4;
    %cmp/u;
    %jmp/1 T_4.9, 6;
    %dup/vec4;
    %pushi/vec4 10, 0, 4;
    %cmp/u;
    %jmp/1 T_4.10, 6;
    %dup/vec4;
    %pushi/vec4 11, 0, 4;
    %cmp/u;
    %jmp/1 T_4.11, 6;
    %dup/vec4;
    %pushi/vec4 12, 0, 4;
    %cmp/u;
    %jmp/1 T_4.12, 6;
    %dup/vec4;
    %pushi/vec4 13, 0, 4;
    %cmp/u;
    %jmp/1 T_4.13, 6;
    %dup/vec4;
    %pushi/vec4 14, 0, 4;
    %cmp/u;
    %jmp/1 T_4.14, 6;
    %dup/vec4;
    %pushi/vec4 15, 0, 4;
    %cmp/u;
    %jmp/1 T_4.15, 6;
    %pushi/vec4 255, 0, 8;
    %store/vec4 v0x7ff84d526ff0_0, 0, 8;
    %jmp T_4.17;
T_4.0 ;
    %pushi/vec4 192, 0, 8;
    %store/vec4 v0x7ff84d526ff0_0, 0, 8;
    %jmp T_4.17;
T_4.1 ;
    %pushi/vec4 249, 0, 8;
    %store/vec4 v0x7ff84d526ff0_0, 0, 8;
    %jmp T_4.17;
T_4.2 ;
    %pushi/vec4 164, 0, 8;
    %store/vec4 v0x7ff84d526ff0_0, 0, 8;
    %jmp T_4.17;
T_4.3 ;
    %pushi/vec4 176, 0, 8;
    %store/vec4 v0x7ff84d526ff0_0, 0, 8;
    %jmp T_4.17;
T_4.4 ;
    %pushi/vec4 153, 0, 8;
    %store/vec4 v0x7ff84d526ff0_0, 0, 8;
    %jmp T_4.17;
T_4.5 ;
    %pushi/vec4 146, 0, 8;
    %store/vec4 v0x7ff84d526ff0_0, 0, 8;
    %jmp T_4.17;
T_4.6 ;
    %pushi/vec4 130, 0, 8;
    %store/vec4 v0x7ff84d526ff0_0, 0, 8;
    %jmp T_4.17;
T_4.7 ;
    %pushi/vec4 248, 0, 8;
    %store/vec4 v0x7ff84d526ff0_0, 0, 8;
    %jmp T_4.17;
T_4.8 ;
    %pushi/vec4 128, 0, 8;
    %store/vec4 v0x7ff84d526ff0_0, 0, 8;
    %jmp T_4.17;
T_4.9 ;
    %pushi/vec4 152, 0, 8;
    %store/vec4 v0x7ff84d526ff0_0, 0, 8;
    %jmp T_4.17;
T_4.10 ;
    %pushi/vec4 136, 0, 8;
    %store/vec4 v0x7ff84d526ff0_0, 0, 8;
    %jmp T_4.17;
T_4.11 ;
    %pushi/vec4 131, 0, 8;
    %store/vec4 v0x7ff84d526ff0_0, 0, 8;
    %jmp T_4.17;
T_4.12 ;
    %pushi/vec4 198, 0, 8;
    %store/vec4 v0x7ff84d526ff0_0, 0, 8;
    %jmp T_4.17;
T_4.13 ;
    %pushi/vec4 161, 0, 8;
    %store/vec4 v0x7ff84d526ff0_0, 0, 8;
    %jmp T_4.17;
T_4.14 ;
    %pushi/vec4 134, 0, 8;
    %store/vec4 v0x7ff84d526ff0_0, 0, 8;
    %jmp T_4.17;
T_4.15 ;
    %pushi/vec4 142, 0, 8;
    %store/vec4 v0x7ff84d526ff0_0, 0, 8;
    %jmp T_4.17;
T_4.17 ;
    %pop/vec4 1;
    %jmp T_4;
    .thread T_4, $push;
    .scope S_0x7ff84d516c10;
T_5 ;
    %wait E_0x7ff84d50fe00;
    %load/vec4 v0x7ff84d5270a0_0;
    %cmpi/e 1, 0, 1;
    %jmp/0xz  T_5.0, 4;
    %load/vec4 v0x7ff84d526940_0;
    %ix/load 4, 1, 0;
    %flag_set/imm 4, 0;
    %shiftl 4;
    %load/vec4 v0x7ff84d526940_0;
    %parti/s 1, 7, 4;
    %pad/u 8;
    %or;
    %assign/vec4 v0x7ff84d526940_0, 0;
T_5.0 ;
    %jmp T_5;
    .thread T_5;
    .scope S_0x7ff84d516c10;
T_6 ;
    %wait E_0x7ff84d511fa0;
    %load/vec4 v0x7ff84d526940_0;
    %dup/vec4;
    %pushi/vec4 1, 0, 8;
    %cmp/u;
    %jmp/1 T_6.0, 6;
    %dup/vec4;
    %pushi/vec4 2, 0, 8;
    %cmp/u;
    %jmp/1 T_6.1, 6;
    %dup/vec4;
    %pushi/vec4 4, 0, 8;
    %cmp/u;
    %jmp/1 T_6.2, 6;
    %dup/vec4;
    %pushi/vec4 8, 0, 8;
    %cmp/u;
    %jmp/1 T_6.3, 6;
    %dup/vec4;
    %pushi/vec4 16, 0, 8;
    %cmp/u;
    %jmp/1 T_6.4, 6;
    %dup/vec4;
    %pushi/vec4 32, 0, 8;
    %cmp/u;
    %jmp/1 T_6.5, 6;
    %dup/vec4;
    %pushi/vec4 64, 0, 8;
    %cmp/u;
    %jmp/1 T_6.6, 6;
    %dup/vec4;
    %pushi/vec4 128, 0, 8;
    %cmp/u;
    %jmp/1 T_6.7, 6;
    %pushi/vec4 0, 0, 4;
    %store/vec4 v0x7ff84d526d70_0, 0, 4;
    %jmp T_6.9;
T_6.0 ;
    %load/vec4 v0x7ff84d526e00_0;
    %parti/s 4, 0, 2;
    %store/vec4 v0x7ff84d526d70_0, 0, 4;
    %jmp T_6.9;
T_6.1 ;
    %load/vec4 v0x7ff84d526e00_0;
    %parti/s 4, 4, 4;
    %store/vec4 v0x7ff84d526d70_0, 0, 4;
    %jmp T_6.9;
T_6.2 ;
    %load/vec4 v0x7ff84d526e00_0;
    %parti/s 4, 8, 5;
    %store/vec4 v0x7ff84d526d70_0, 0, 4;
    %jmp T_6.9;
T_6.3 ;
    %load/vec4 v0x7ff84d526e00_0;
    %parti/s 4, 12, 5;
    %store/vec4 v0x7ff84d526d70_0, 0, 4;
    %jmp T_6.9;
T_6.4 ;
    %load/vec4 v0x7ff84d526e00_0;
    %parti/s 4, 16, 6;
    %store/vec4 v0x7ff84d526d70_0, 0, 4;
    %jmp T_6.9;
T_6.5 ;
    %load/vec4 v0x7ff84d526e00_0;
    %parti/s 4, 20, 6;
    %store/vec4 v0x7ff84d526d70_0, 0, 4;
    %jmp T_6.9;
T_6.6 ;
    %load/vec4 v0x7ff84d526e00_0;
    %parti/s 4, 24, 6;
    %store/vec4 v0x7ff84d526d70_0, 0, 4;
    %jmp T_6.9;
T_6.7 ;
    %load/vec4 v0x7ff84d526e00_0;
    %parti/s 4, 28, 6;
    %store/vec4 v0x7ff84d526d70_0, 0, 4;
    %jmp T_6.9;
T_6.9 ;
    %pop/vec4 1;
    %jmp T_6;
    .thread T_6, $push;
    .scope S_0x7ff84d510d20;
T_7 ;
    %pushi/vec4 0, 0, 1;
    %store/vec4 v0x7ff84d527260_0, 0, 1;
    %pushi/vec4 0, 0, 1;
    %store/vec4 v0x7ff84d527380_0, 0, 1;
    %pushi/vec4 0, 0, 1;
    %store/vec4 v0x7ff84d527430_0, 0, 1;
    %pushi/vec4 0, 0, 32;
    %store/vec4 v0x7ff84d5272f0_0, 0, 32;
    %end;
    .thread T_7;
    .scope S_0x7ff84d510d20;
T_8 ;
    %delay 500, 0;
    %load/vec4 v0x7ff84d527260_0;
    %inv;
    %assign/vec4 v0x7ff84d527260_0, 0;
    %jmp T_8;
    .thread T_8;
    .scope S_0x7ff84d510d20;
T_9 ;
    %vpi_call 2 24 "$dumpfile", "sseg_drv_tb.vcd" {0 0 0};
    %vpi_call 2 25 "$dumpvars" {0 0 0};
    %delay 5000, 0;
    %pushi/vec4 305419896, 0, 32;
    %assign/vec4 v0x7ff84d5272f0_0, 0;
    %delay 5000, 0;
    %pushi/vec4 1, 0, 1;
    %assign/vec4 v0x7ff84d527380_0, 0;
    %delay 10000, 0;
    %pushi/vec4 1, 0, 1;
    %assign/vec4 v0x7ff84d527430_0, 0;
    %delay 10000, 0;
    %pushi/vec4 0, 0, 1;
    %assign/vec4 v0x7ff84d527430_0, 0;
    %delay 10000, 0;
    %pushi/vec4 0, 0, 1;
    %assign/vec4 v0x7ff84d527380_0, 0;
    %delay 5000, 0;
    %vpi_call 2 35 "$display", "simulation done" {0 0 0};
    %vpi_call 2 36 "$finish" {0 0 0};
    %end;
    .thread T_9;
# The file index is used to find the file name in the following table.
:file_names 4;
    "N/A";
    "<interactive>";
    "sseg_drv_tb.v";
    "sseg_drv.v";
